<?xml version="1.0" encoding="UTF-8"?>
<!-- Generated by org.testng.reporters.JUnitXMLReporter -->
<testsuite ignored="0" hostname="SJBC-DANNY2" failures="0" tests="6" name="Test Annotations" time="0.033" errors="0" timestamp="2021-03-11T00:56:23 GMT-08:00">
  <testcase classname="ui.GroupTest2" name="aTest01" time="0.004"/>
  <testcase classname="ui.GroupTest2" name="aTest02" time="0.001"/>
  <testcase classname="ui.GroupTest2" name="aTest99" time="0.0"/>
  <testcase classname="ui.GroupTest2" name="logoutTest01" time="0.001"/>
  <testcase classname="ui.GroupTest2" name="logoutTest02" time="0.001"/>
  <testcase classname="ui.GroupTest2" name="logoutTest99" time="0.0"/>
</testsuite> <!-- Test Annotations -->
