<?xml version="1.0" encoding="UTF-8"?>
<!-- Generated by org.testng.reporters.JUnitXMLReporter -->
<testsuite ignored="4" hostname="SJBC-DANNY2" failures="0" tests="2" name="GRP-Regression" time="0.055" errors="0" timestamp="2021-03-06T06:21:30 GMT-08:00">
  <testcase classname="ui.GroupTest" name="aTest99" time="0.006"/>
  <testcase classname="ui.GroupTest" name="logoutTest99" time="0.002"/>
  <testcase classname="ui.GroupTest" name="aTest01" time="0.0">
    <ignored/>
  </testcase> <!-- aTest01 -->
  <testcase classname="ui.GroupTest" name="aTest02" time="0.0">
    <ignored/>
  </testcase> <!-- aTest02 -->
  <testcase classname="ui.GroupTest" name="logoutTest01" time="0.0">
    <ignored/>
  </testcase> <!-- logoutTest01 -->
  <testcase classname="ui.GroupTest" name="logoutTest02" time="0.0">
    <ignored/>
  </testcase> <!-- logoutTest02 -->
</testsuite> <!-- GRP-Regression -->
