<?xml version="1.0" encoding="UTF-8"?>
<!-- Generated by org.testng.reporters.JUnitXMLReporter -->
<testsuite ignored="0" hostname="SJBC-DANNY2" failures="0" tests="6" name="GRP-Registration" time="0.037" errors="0" timestamp="2021-03-06T00:57:25 GMT-08:00">
  <testcase classname="ui.GroupTest" name="aTest01" time="0.004"/>
  <testcase classname="ui.GroupTest" name="aTest02" time="0.0"/>
  <testcase classname="ui.GroupTest" name="aTest99" time="0.001"/>
  <testcase classname="ui.GroupTest" name="logoutTest01" time="0.001"/>
  <testcase classname="ui.GroupTest" name="logoutTest02" time="0.0"/>
  <testcase classname="ui.GroupTest" name="logoutTest99" time="0.001"/>
</testsuite> <!-- GRP-Registration -->
