<?xml version="1.0" encoding="UTF-8"?>
<!-- Generated by org.testng.reporters.JUnitXMLReporter -->
<testsuite ignored="2" hostname="SJBC-DANNY2" failures="0" tests="4" name="Regression Test" time="0.056" errors="0" timestamp="2021-03-11T00:24:17 GMT-08:00">
  <testcase classname="ui.GroupTest" name="aTest01" time="0.001"/>
  <testcase classname="ui.GroupTest" name="aTest02" time="0.0"/>
  <testcase classname="ui.GroupTest" name="aTest99" time="0.0"/>
  <testcase classname="ui.GroupTest" name="logoutTest99" time="0.001"/>
  <testcase classname="ui.GroupTest" name="logoutTest01" time="0.0">
    <ignored/>
  </testcase> <!-- logoutTest01 -->
  <testcase classname="ui.GroupTest" name="logoutTest02" time="0.0">
    <ignored/>
  </testcase> <!-- logoutTest02 -->
</testsuite> <!-- Regression Test -->
