<?xml version="1.0" encoding="UTF-8"?>
<testng-results ignored="0" total="1" passed="1" failed="0" skipped="0">
  <reporter-output>
  </reporter-output>
  <suite started-at="2021-03-30T04:27:54 GMT-07:00" name="Default suite" finished-at="2021-03-30T04:28:36 GMT-07:00" duration-ms="41765">
    <groups>
    </groups>
    <test started-at="2021-03-30T04:27:54 GMT-07:00" name="Default test" finished-at="2021-03-30T04:28:36 GMT-07:00" duration-ms="41765">
      <class name="ui.DatePicker">
        <test-method is-config="true" signature="openExpedia()[pri:0, instance:ui.DatePicker@4b5d6a01]" started-at="2021-03-30T04:27:54 GMT-07:00" name="openExpedia" finished-at="2021-03-30T04:28:16 GMT-07:00" duration-ms="21322" status="PASS">
          <reporter-output>
          </reporter-output>
        </test-method> <!-- openExpedia -->
        <test-method signature="selectDates()[pri:0, instance:ui.DatePicker@4b5d6a01]" started-at="2021-03-30T04:28:16 GMT-07:00" name="selectDates" finished-at="2021-03-30T04:28:36 GMT-07:00" duration-ms="20143" status="PASS">
          <reporter-output>
          </reporter-output>
        </test-method> <!-- selectDates -->
        <test-method is-config="true" signature="closeExpedia()[pri:0, instance:ui.DatePicker@4b5d6a01]" started-at="2021-03-30T04:28:36 GMT-07:00" name="closeExpedia" finished-at="2021-03-30T04:28:36 GMT-07:00" duration-ms="261" status="PASS">
          <reporter-output>
          </reporter-output>
        </test-method> <!-- closeExpedia -->
      </class> <!-- ui.DatePicker -->
    </test> <!-- Default test -->
  </suite> <!-- Default suite -->
</testng-results>
