<?xml version="1.0" encoding="UTF-8"?>
<!-- Generated by org.testng.reporters.JUnitXMLReporter -->
<testsuite ignored="0" hostname="SJBC-DANNY2" failures="0" tests="4" name="LoginTest" time="29.906" errors="0" timestamp="2021-03-12T17:52:24 GMT-08:00">
  <testcase classname="ui.SauceLabsLogin" name="sauceLabLogin" time="2.257"/>
  <testcase classname="ui.SauceLabsLogin" name="sauceLabLogin" time="2.212"/>
  <testcase classname="ui.SauceLabsLogin" name="sauceLabLogin" time="2.234"/>
  <testcase classname="ui.SauceLabsLogin" name="sauceLabLogin" time="7.252"/>
</testsuite> <!-- LoginTest -->
